
> mission-control@0.1.0 build
> next build

  ▲ Next.js 14.2.5
  - Environments: .env.local

   Creating an optimized production build ...
Failed to compile.

./src/app/calendar/page.tsx
Error: 
  [31mx[0m Unexpected token `div`. Expected jsx identifier
     ,-[[36;1;4m/home/ubuntu/mission-control/src/app/calendar/page.tsx[0m:129:1]
 [2m129[0m |   };
 [2m130[0m | 
 [2m131[0m |   return (
 [2m132[0m |     <div className="space-y-3">
     : [31;1m     ^^^[0m
 [2m133[0m |       {/* HEADER - Consistent with homepage */}
 [2m134[0m |       <header className="flex items-center justify-between">
 [2m135[0m |         <div>
     `----

Caused by:
    Syntax Error

Import trace for requested module:
./src/app/calendar/page.tsx


> Build failed because of webpack errors
