
> mission-control@0.1.0 build
> next build

  ▲ Next.js 14.2.5
  - Environments: .env.local

   Creating an optimized production build ...
 ✓ Compiled successfully
   Linting and checking validity of types ...
   Collecting page data ...
   Generating static pages (0/19) ...
   Generating static pages (4/19) 
   Generating static pages (9/19) 
   Generating static pages (14/19) 
 ✓ Generating static pages (19/19)
   Finalizing page optimization ...
   Collecting build traces ...

Route (app)                              Size     First Load JS
┌ ○ /                                    4.45 kB         116 kB
├ ○ /_not-found                          871 B          87.9 kB
├ ƒ /api/agent-task                      0 B                0 B
├ ƒ /api/autonomy                        0 B                0 B
├ ○ /api/calendar                        0 B                0 B
├ ƒ /api/capital                         0 B                0 B
├ ƒ /api/control                         0 B                0 B
├ ○ /api/drafts/status                   0 B                0 B
├ ƒ /api/memory                          0 B                0 B
├ ○ /audit                               1.94 kB          89 kB
├ ○ /calendar                            2.34 kB         114 kB
├ ○ /capital                             1.97 kB          89 kB
├ ○ /control                             2.05 kB        89.1 kB
├ ○ /memory                              1.39 kB        88.4 kB
├ ○ /office                              2.13 kB         113 kB
├ ○ /tasks                               2.59 kB         114 kB
└ ○ /team                                1.74 kB         113 kB
+ First Load JS shared by all            87.1 kB
  ├ chunks/23-65eb6d29ed77fca6.js        31.5 kB
  ├ chunks/fd9d1056-d29d5f6ae98769ee.js  53.6 kB
  └ other shared chunks (total)          1.89 kB


○  (Static)   prerendered as static content
ƒ  (Dynamic)  server-rendered on demand

