
> mission-control@0.1.0 build
> next build

  ▲ Next.js 14.2.5
  - Environments: .env.local

   Creating an optimized production build ...
Failed to compile.

./src/app/page.tsx
Error: 
  [31mx[0m Unexpected token `div`. Expected jsx identifier
     ,-[[36;1;4m/home/ubuntu/mission-control/src/app/page.tsx[0m:268:1]
 [2m268[0m |   const filterCount = (statusFilter !== "all" ? 1 : 0) + (assigneeFilter !== "all" ? 1 : 0) + (dateFilter !== "all" ? 1 : 0);
 [2m269[0m | 
 [2m270[0m |   return (
 [2m271[0m |     <div className="space-y-6">
     : [31;1m     ^^^[0m
 [2m272[0m |       <header className="page-header">
 [2m273[0m |         <div>
 [2m274[0m |           <h1 className="page-title">Mission Control</h1>
     `----

Caused by:
    Syntax Error

Import trace for requested module:
./src/app/page.tsx


> Build failed because of webpack errors
